<?xml version="1.0" encoding="UTF-8"?>
<testng-results skipped="0" failed="0" ignored="0" total="1" passed="1">
  <reporter-output>
  </reporter-output>
  <suite name="Default suite" duration-ms="4285" started-at="2020-04-26T20:58:48 IST" finished-at="2020-04-26T20:58:52 IST">
    <groups>
    </groups>
    <test name="Default test" duration-ms="4285" started-at="2020-04-26T20:58:48 IST" finished-at="2020-04-26T20:58:52 IST">
      <class name="ReadPdfPackage.PDFReaderTest">
        <test-method status="PASS" signature="ReadPdfTest()[pri:0, instance:ReadPdfPackage.PDFReaderTest@6e6c3152]" name="ReadPdfTest" duration-ms="4119" started-at="2020-04-26T20:58:48 IST" finished-at="2020-04-26T20:58:52 IST">
          <reporter-output>
          </reporter-output>
        </test-method> <!-- ReadPdfTest -->
      </class> <!-- ReadPdfPackage.PDFReaderTest -->
    </test> <!-- Default test -->
  </suite> <!-- Default suite -->
</testng-results>
